<?xml version="1.0" encoding="UTF-8"?>
<coverage generated="1715138536749" clover="3.2.0">
  <project timestamp="1715138536749" name="All files">
    <metrics statements="10" coveredstatements="9" conditionals="10" coveredconditionals="8" methods="2" coveredmethods="2" elements="22" coveredelements="19" complexity="0" loc="10" ncloc="10" packages="2" files="2" classes="2"/>
    <package name="01-sum">
      <metrics statements="4" coveredstatements="3" conditionals="4" coveredconditionals="3" methods="1" coveredmethods="1"/>
      <file name="sum.js" path="/Users/nicolasaristizabal/Desktop/somos-varios/bases-faic/20240430-testing/src/01-sum/sum.js">
        <metrics statements="4" coveredstatements="3" conditionals="4" coveredconditionals="3" methods="1" coveredmethods="1"/>
        <line num="2" count="1" type="cond" truecount="3" falsecount="1"/>
        <line num="3" count="0" type="stmt"/>
        <line num="5" count="1" type="stmt"/>
        <line num="8" count="1" type="stmt"/>
      </file>
    </package>
    <package name="02-sub">
      <metrics statements="6" coveredstatements="6" conditionals="6" coveredconditionals="5" methods="1" coveredmethods="1"/>
      <file name="sub.js" path="/Users/nicolasaristizabal/Desktop/somos-varios/bases-faic/20240430-testing/src/02-sub/sub.js">
        <metrics statements="6" coveredstatements="6" conditionals="6" coveredconditionals="5" methods="1" coveredmethods="1"/>
        <line num="1" count="1" type="stmt"/>
        <line num="2" count="2" type="cond" truecount="4" falsecount="0"/>
        <line num="3" count="1" type="stmt"/>
        <line num="5" count="1" type="stmt"/>
        <line num="6" count="1" type="cond" truecount="1" falsecount="1"/>
        <line num="9" count="1" type="stmt"/>
      </file>
    </package>
  </project>
</coverage>
